{"/Users/zeviliao/lab/jest-ts-hello/src/sum.ts": {"path":"/Users/zeviliao/lab/jest-ts-hello/src/sum.ts","statementMap":{"0":{"start":{"line":2,"column":21},"end":{"line":2,"column":36}},"1":{"start":{"line":2,"column":31},"end":{"line":2,"column":36}},"2":{"start":{"line":3,"column":0},"end":{"line":3,"column":19}}},"fnMap":{"0":{"name":"(anonymous_0)","decl":{"start":{"line":2,"column":21},"end":{"line":2,"column":22}},"loc":{"start":{"line":2,"column":31},"end":{"line":2,"column":36}}}},"branchMap":{},"s":{"0":1,"1":1,"2":1},"f":{"0":1},"b":{}}
,"/Users/zeviliao/lab/jest-ts-hello/src/z-test.ts": {"path":"/Users/zeviliao/lab/jest-ts-hello/src/z-test.ts","statementMap":{"0":{"start":{"line":1,"column":13},"end":{"line":5,"column":1}},"1":{"start":{"line":2,"column":2},"end":{"line":4,"column":4}},"2":{"start":{"line":7,"column":0},"end":{"line":7,"column":21}}},"fnMap":{"0":{"name":"(anonymous_0)","decl":{"start":{"line":1,"column":13},"end":{"line":1,"column":16}},"loc":{"start":{"line":1,"column":18},"end":{"line":5,"column":1}}}},"branchMap":{},"s":{"0":1,"1":1,"2":1},"f":{"0":1},"b":{}}
}
